mkdir: cannot create directory ‘/ebio/abt6_projects9/metagenomic_controlled/data/processed_reads/swedish_samples//centrifuge_output’: File exists
report file centrifuge_report_0.tsv
Number of iterations in EM algorithm: 41
Probability diff. (P - P_prev) in the last iteration: 8.79894e-11
Calculating abundance: 00:00:00
report file centrifuge_report_1.tsv
Number of iterations in EM algorithm: 47
Probability diff. (P - P_prev) in the last iteration: 5.50978e-11
Calculating abundance: 00:00:00
report file centrifuge_report_2.tsv
Number of iterations in EM algorithm: 55
Probability diff. (P - P_prev) in the last iteration: 7.80094e-11
Calculating abundance: 00:00:00
report file centrifuge_report_3.tsv
Number of iterations in EM algorithm: 64
Probability diff. (P - P_prev) in the last iteration: 7.27357e-11
Calculating abundance: 00:00:00
report file centrifuge_report_4.tsv
Number of iterations in EM algorithm: 61
Probability diff. (P - P_prev) in the last iteration: 6.10748e-11
Calculating abundance: 00:00:00
report file centrifuge_report_5.tsv
Number of iterations in EM algorithm: 61
Probability diff. (P - P_prev) in the last iteration: 6.10748e-11
Calculating abundance: 00:00:00
report file centrifuge_report_6.tsv
Number of iterations in EM algorithm: 52
Probability diff. (P - P_prev) in the last iteration: 8.18606e-11
Calculating abundance: 00:00:00
report file centrifuge_report_7.tsv
Number of iterations in EM algorithm: 61
Probability diff. (P - P_prev) in the last iteration: 5.83585e-11
Calculating abundance: 00:00:00
report file centrifuge_report_8.tsv
Number of iterations in EM algorithm: 66
Probability diff. (P - P_prev) in the last iteration: 9.25427e-11
Calculating abundance: 00:00:00
report file centrifuge_report_9.tsv
Number of iterations in EM algorithm: 68
Probability diff. (P - P_prev) in the last iteration: 2.51719e-11
Calculating abundance: 00:00:00
report file centrifuge_report_10.tsv
Number of iterations in EM algorithm: 71
Probability diff. (P - P_prev) in the last iteration: 6.64612e-11
Calculating abundance: 00:00:00
report file centrifuge_report_11.tsv
Number of iterations in EM algorithm: 66
Probability diff. (P - P_prev) in the last iteration: 8.93971e-11
Calculating abundance: 00:00:00
report file centrifuge_report_12.tsv
Number of iterations in EM algorithm: 66
Probability diff. (P - P_prev) in the last iteration: 8.93971e-11
Calculating abundance: 00:00:00
report file centrifuge_report_13.tsv
Number of iterations in EM algorithm: 61
Probability diff. (P - P_prev) in the last iteration: 1.63998e-11
Calculating abundance: 00:00:01
report file centrifuge_report_14.tsv
Number of iterations in EM algorithm: 200
Probability diff. (P - P_prev) in the last iteration: 8.98247e-11
Calculating abundance: 00:00:00
report file centrifuge_report_15.tsv
Number of iterations in EM algorithm: 90
Probability diff. (P - P_prev) in the last iteration: 4.46962e-11
Calculating abundance: 00:00:00
report file centrifuge_report_16.tsv
Number of iterations in EM algorithm: 170
Probability diff. (P - P_prev) in the last iteration: 5.22375e-11
Calculating abundance: 00:00:00
report file centrifuge_report_17.tsv
Number of iterations in EM algorithm: 276
Probability diff. (P - P_prev) in the last iteration: 9.30882e-11
Calculating abundance: 00:00:00
report file centrifuge_report_18.tsv
Number of iterations in EM algorithm: 220
Probability diff. (P - P_prev) in the last iteration: 8.7023e-11
Calculating abundance: 00:00:01
report file centrifuge_report_19.tsv
Number of iterations in EM algorithm: 262
Probability diff. (P - P_prev) in the last iteration: 9.86803e-11
Calculating abundance: 00:00:01
report file centrifuge_report_20.tsv
Number of iterations in EM algorithm: 255
Probability diff. (P - P_prev) in the last iteration: 9.16202e-11
Calculating abundance: 00:00:02
report file centrifuge_report_21.tsv
Number of iterations in EM algorithm: 256
Probability diff. (P - P_prev) in the last iteration: 6.17436e-11
Calculating abundance: 00:00:01
report file centrifuge_report_22.tsv
Number of iterations in EM algorithm: 185
Probability diff. (P - P_prev) in the last iteration: 8.58029e-11
Calculating abundance: 00:00:01
report file centrifuge_report_23.tsv
Number of iterations in EM algorithm: 267
Probability diff. (P - P_prev) in the last iteration: 8.86354e-11
Calculating abundance: 00:00:01
report file centrifuge_report_24.tsv
Number of iterations in EM algorithm: 198
Probability diff. (P - P_prev) in the last iteration: 8.90615e-11
Calculating abundance: 00:00:01
report file centrifuge_report_25.tsv
Number of iterations in EM algorithm: 214
Probability diff. (P - P_prev) in the last iteration: 7.13932e-11
Calculating abundance: 00:00:02
report file centrifuge_report_26.tsv
Number of iterations in EM algorithm: 82
Probability diff. (P - P_prev) in the last iteration: 3.52182e-11
Calculating abundance: 00:00:01
report file centrifuge_report_27.tsv
Number of iterations in EM algorithm: 179
Probability diff. (P - P_prev) in the last iteration: 8.889e-11
Calculating abundance: 00:00:01
report file centrifuge_report_28.tsv
Number of iterations in EM algorithm: 88
Probability diff. (P - P_prev) in the last iteration: 8.79265e-12
Calculating abundance: 00:00:01
report file centrifuge_report_29.tsv
Number of iterations in EM algorithm: 214
Probability diff. (P - P_prev) in the last iteration: 9.55128e-11
Calculating abundance: 00:00:02
report file centrifuge_report_30.tsv
Number of iterations in EM algorithm: 277
Probability diff. (P - P_prev) in the last iteration: 7.9482e-11
Calculating abundance: 00:00:03
report file centrifuge_report_31.tsv
Number of iterations in EM algorithm: 248
Probability diff. (P - P_prev) in the last iteration: 1.7136e-11
Calculating abundance: 00:00:03
report file centrifuge_report_32.tsv
Number of iterations in EM algorithm: 224
Probability diff. (P - P_prev) in the last iteration: 2.98942e-11
Calculating abundance: 00:00:03
report file centrifuge_report_33.tsv
Number of iterations in EM algorithm: 256
Probability diff. (P - P_prev) in the last iteration: 7.5288e-11
Calculating abundance: 00:00:03
report file centrifuge_report_34.tsv
Number of iterations in EM algorithm: 172
Probability diff. (P - P_prev) in the last iteration: 8.26012e-11
Calculating abundance: 00:00:03
report file centrifuge_report_35.tsv
Number of iterations in EM algorithm: 193
Probability diff. (P - P_prev) in the last iteration: 5.39073e-11
Calculating abundance: 00:00:03
report file centrifuge_report_36.tsv
Number of iterations in EM algorithm: 253
Probability diff. (P - P_prev) in the last iteration: 9.76258e-11
Calculating abundance: 00:00:04
report file centrifuge_report_37.tsv
Number of iterations in EM algorithm: 253
Probability diff. (P - P_prev) in the last iteration: 9.76258e-11
Calculating abundance: 00:00:05
report file centrifuge_report_38.tsv
Number of iterations in EM algorithm: 107
Probability diff. (P - P_prev) in the last iteration: 9.82277e-11
Calculating abundance: 00:00:02
report file centrifuge_report_39.tsv
Number of iterations in EM algorithm: 138
Probability diff. (P - P_prev) in the last iteration: 9.0302e-11
Calculating abundance: 00:00:03
report file centrifuge_report_40.tsv
Number of iterations in EM algorithm: 168
Probability diff. (P - P_prev) in the last iteration: 8.85692e-11
Calculating abundance: 00:00:03
report file centrifuge_report_41.tsv
Number of iterations in EM algorithm: 255
Probability diff. (P - P_prev) in the last iteration: 9.96799e-11
Calculating abundance: 00:00:04
report file centrifuge_report_42.tsv
Number of iterations in EM algorithm: 230
Probability diff. (P - P_prev) in the last iteration: 3.57297e-11
Calculating abundance: 00:00:05
report file centrifuge_report_43.tsv
Number of iterations in EM algorithm: 90
Probability diff. (P - P_prev) in the last iteration: 2.69086e-11
Calculating abundance: 00:00:03
report file centrifuge_report_44.tsv
Number of iterations in EM algorithm: 187
Probability diff. (P - P_prev) in the last iteration: 6.41405e-11
Calculating abundance: 00:00:05
report file centrifuge_report_45.tsv
Number of iterations in EM algorithm: 114
Probability diff. (P - P_prev) in the last iteration: 9.8009e-11
Calculating abundance: 00:00:04
report file centrifuge_report_46.tsv
Number of iterations in EM algorithm: 122
Probability diff. (P - P_prev) in the last iteration: 7.23211e-11
Calculating abundance: 00:00:03
report file centrifuge_report_47.tsv
Number of iterations in EM algorithm: 198
Probability diff. (P - P_prev) in the last iteration: 8.52696e-11
Calculating abundance: 00:00:06
report file centrifuge_report_48.tsv
Number of iterations in EM algorithm: 202
Probability diff. (P - P_prev) in the last iteration: 4.84778e-11
Calculating abundance: 00:00:06
report file centrifuge_report_49.tsv
Number of iterations in EM algorithm: 172
Probability diff. (P - P_prev) in the last iteration: 3.35209e-11
Calculating abundance: 00:00:06
report file centrifuge_report_50.tsv
Number of iterations in EM algorithm: 194
Probability diff. (P - P_prev) in the last iteration: 4.47982e-11
Calculating abundance: 00:00:06
report file centrifuge_report_51.tsv
Number of iterations in EM algorithm: 136
Probability diff. (P - P_prev) in the last iteration: 5.52185e-11
Calculating abundance: 00:00:05
